<?xml version="1.0" encoding="UTF-8"?>
<!-- Generated by org.testng.reporters.JUnitReportReporter -->
<testsuite hostname="DESKTOP-6894EN5" failures="0" tests="1" name="datadriven.java_class" time="2.585" errors="0" timestamp="07 Nov 2022 08:59:25 GMT" skipped="0">
  <testcase classname="datadriven.java_class" name="cs1" time="2.585"/>
</testsuite> <!-- datadriven.java_class -->
